
1890492
/people/thnfs/homes/rudzinski
thinc152.mpip-mainz.mpg.de
/data/isilon/rudzinski/cluster_tmp/LJ/Kobb_Andersen/DiffCoeff_red-dt_30ns/T0.4/MSM_analysis/2016_12-Dec_13/step4-build_model_mpi/20Estates_fromMPIP/4Hstates/B-type/1000trajpmodel/lag-8/gen_ss_1-2-3_no-rdf-min/MLE_fromPCA/from_cluster/cored_traj_from_crisp_sets/4states/msds_from-simp-cored
Hi, I am job 1890492 on thinc152.mpip-mainz.mpg.de in /data/isilon/rudzinski/cluster_tmp/LJ/Kobb_Andersen/DiffCoeff_red-dt_30ns/T0.4/MSM_analysis/2016_12-Dec_13/step4-build_model_mpi/20Estates_fromMPIP/4Hstates/B-type/1000trajpmodel/lag-8/gen_ss_1-2-3_no-rdf-min/MLE_fromPCA/from_cluster/cored_traj_from_crisp_sets/4states/msds_from-simp-cored
Starting simulation in /data/isilon/rudzinski/cluster_tmp/LJ/Kobb_Andersen/DiffCoeff_red-dt_30ns/T0.4/MSM_analysis/2016_12-Dec_13/step4-build_model_mpi/20Estates_fromMPIP/4Hstates/B-type/1000trajpmodel/lag-8/gen_ss_1-2-3_no-rdf-min/MLE_fromPCA/from_cluster/cored_traj_from_crisp_sets/4states/msds_from-simp-cored
hello from proc 2
hello from proc 10
hello from proc 12
hello from proc 13
hello from proc 11hello from proc 4
hello from proc 5
hello from proc 7
hello from proc 8

hello from proc 15
hello from proc 1
hello from proc 3
hello from proc 6
hello from proc 9
hello from proc 0
hello from proc 14
proc 8 done with traj 504
proc 0 done with traj 0
proc 10 done with traj 630
proc 7 done with traj 441
proc 5 done with traj 315
proc 11 done with traj 693
proc 12 done with traj 756
proc 6 done with traj 378
proc 14 done with traj 882
proc 3 done with traj 189
proc 4 done with traj 252
proc 2 done with traj 126
proc 1 done with traj 63
proc 15 done with traj 945
proc 13 done with traj 819
proc 9 done with traj 567
proc 8 done with traj 505
proc 11 done with traj 694
proc 0 done with traj 1
proc 4 done with traj 253
proc 5 done with traj 316
proc 15 done with traj 946
proc 7 done with traj 442
proc 10 done with traj 631
proc 6 done with traj 379
proc 14 done with traj 883
proc 9 done with traj 568
proc 3 done with traj 190
proc 13 done with traj 820
proc 12 done with traj 757
proc 1 done with traj 64
proc 2 done with traj 127
proc 8 done with traj 506
proc 6 done with traj 380
proc 5 done with traj 317
proc 11 done with traj 695
proc 14 done with traj 884
proc 4 done with traj 254
proc 15 done with traj 947
proc 0 done with traj 2
proc 9 done with traj 569
proc 7 done with traj 443
proc 1 done with traj 65
proc 2 done with traj 128
proc 12 done with traj 758
proc 10 done with traj 632
proc 3 done with traj 191
proc 13 done with traj 821
proc 8 done with traj 507
proc 5 done with traj 318
proc 11 done with traj 696
proc 6 done with traj 381
proc 14 done with traj 885
proc 9 done with traj 570
proc 15 done with traj 948
proc 4 done with traj 255
proc 7 done with traj 444
proc 2 done with traj 129
proc 0 done with traj 3
proc 12 done with traj 759
proc 10 done with traj 633
proc 1 done with traj 66
proc 8 done with traj 508
proc 13 done with traj 822
proc 3 done with traj 192
proc 5 done with traj 319
proc 11 done with traj 697
proc 6 done with traj 382
proc 14 done with traj 886
proc 9 done with traj 571
proc 15 done with traj 949
proc 2 done with traj 130
proc 4 done with traj 256
proc 7 done with traj 445
proc 10 done with traj 634
proc 12 done with traj 760
proc 0 done with traj 4
proc 8 done with traj 509
proc 1 done with traj 67
proc 3 done with traj 193
proc 14 done with traj 887
proc 13 done with traj 823
proc 11 done with traj 698
proc 5 done with traj 320
proc 6 done with traj 383
proc 9 done with traj 572
proc 2 done with traj 131
proc 4 done with traj 257
proc 7 done with traj 446
proc 15 done with traj 950
proc 10 done with traj 635
proc 12 done with traj 761
proc 0 done with traj 5
proc 8 done with traj 510
proc 3 done with traj 194
proc 1 done with traj 68
proc 14 done with traj 888
proc 13 done with traj 824
proc 5 done with traj 321
proc 11 done with traj 699
proc 4 done with traj 258
proc 15 done with traj 951
proc 6 done with traj 384
proc 9 done with traj 573
proc 2 done with traj 132
proc 7 done with traj 447
proc 0 done with traj 6
proc 8 done with traj 511
proc 12 done with traj 762
proc 10 done with traj 636
proc 14 done with traj 889
proc 3 done with traj 195
proc 5 done with traj 322
proc 4 done with traj 259
proc 13 done with traj 825
proc 1 done with traj 69
proc 6 done with traj 385
proc 15 done with traj 952
proc 11 done with traj 700
proc 9 done with traj 574
proc 2 done with traj 133
proc 0 done with traj 7
proc 7 done with traj 448
proc 12 done with traj 763
proc 10 done with traj 637
proc 8 done with traj 512
proc 3 done with traj 196
proc 14 done with traj 890
proc 5 done with traj 323
proc 1 done with traj 70
proc 6 done with traj 386
proc 4 done with traj 260
proc 13 done with traj 826
proc 11 done with traj 701
proc 15 done with traj 953
proc 9 done with traj 575
proc 10 done with traj 638
proc 0 done with traj 8
proc 2 done with traj 134
proc 7 done with traj 449
proc 8 done with traj 513
proc 12 done with traj 764
proc 5 done with traj 324
proc 14 done with traj 891
proc 3 done with traj 197
proc 1 done with traj 71
proc 6 done with traj 387
proc 4 done with traj 261
proc 13 done with traj 827
proc 11 done with traj 702
proc 9 done with traj 576
proc 15 done with traj 954
proc 2 done with traj 135
proc 7 done with traj 450
proc 10 done with traj 639
proc 3 done with traj 198
proc 0 done with traj 9
proc 8 done with traj 514
proc 12 done with traj 765
proc 5 done with traj 325
proc 14 done with traj 892
proc 6 done with traj 388
proc 4 done with traj 262
proc 1 done with traj 72
proc 13 done with traj 828
proc 9 done with traj 577
proc 11 done with traj 703
proc 15 done with traj 955
proc 0 done with traj 10
proc 8 done with traj 515
proc 2 done with traj 136
proc 10 done with traj 640
proc 7 done with traj 451
proc 3 done with traj 199
proc 6 done with traj 389
proc 12 done with traj 766
proc 5 done with traj 326
proc 4 done with traj 263
proc 1 done with traj 73
proc 14 done with traj 893
proc 13 done with traj 829
proc 0 done with traj 11
proc 9 done with traj 578
proc 11 done with traj 704
proc 15 done with traj 956
proc 7 done with traj 452
proc 10 done with traj 641
proc 8 done with traj 516
proc 3 done with traj 200
proc 5 done with traj 327
proc 6 done with traj 390
proc 12 done with traj 767
proc 4 done with traj 264
proc 2 done with traj 137
proc 0 done with traj 12
proc 14 done with traj 894
proc 13 done with traj 830
proc 9 done with traj 579
proc 1 done with traj 74
proc 3 done with traj 201
proc 11 done with traj 705
proc 15 done with traj 957
proc 7 done with traj 453
proc 5 done with traj 328
proc 10 done with traj 642
proc 4 done with traj 265
proc 12 done with traj 768
proc 8 done with traj 517
proc 0 done with traj 13
proc 6 done with traj 391
proc 2 done with traj 138
proc 13 done with traj 831
proc 9 done with traj 580
proc 14 done with traj 895
proc 1 done with traj 75
proc 11 done with traj 706
proc 3 done with traj 202
proc 5 done with traj 329
proc 7 done with traj 454
proc 4 done with traj 266
proc 15 done with traj 958
proc 0 done with traj 14
proc 10 done with traj 643
proc 12 done with traj 769
proc 8 done with traj 518
proc 2 done with traj 139
proc 13 done with traj 832
proc 9 done with traj 581
proc 6 done with traj 392
proc 14 done with traj 896
proc 11 done with traj 707
proc 1 done with traj 76
proc 5 done with traj 330
proc 15 done with traj 959
proc 3 done with traj 203
proc 4 done with traj 267
proc 7 done with traj 455
proc 10 done with traj 644
proc 0 done with traj 15
proc 12 done with traj 770
proc 8 done with traj 519
proc 9 done with traj 582
proc 14 done with traj 897
proc 6 done with traj 393
proc 2 done with traj 140
proc 11 done with traj 708
proc 13 done with traj 833
proc 15 done with traj 960
proc 5 done with traj 331
proc 1 done with traj 77
proc 3 done with traj 204
proc 0 done with traj 16
proc 7 done with traj 456
proc 10 done with traj 645
proc 4 done with traj 268
proc 8 done with traj 520
proc 9 done with traj 583
proc 2 done with traj 141
proc 14 done with traj 898
proc 12 done with traj 771
proc 6 done with traj 394
proc 11 done with traj 709
proc 13 done with traj 834
proc 5 done with traj 332
proc 15 done with traj 961
proc 0 done with traj 17
proc 1 done with traj 78
proc 3 done with traj 205
proc 10 done with traj 646
proc 7 done with traj 457
proc 6 done with traj 395
proc 2 done with traj 142
proc 9 done with traj 584
proc 4 done with traj 269
proc 12 done with traj 772
proc 8 done with traj 521
proc 14 done with traj 899
proc 5 done with traj 333
proc 11 done with traj 710
proc 3 done with traj 206
proc 15 done with traj 962
proc 13 done with traj 835
proc 0 done with traj 18
proc 1 done with traj 79
proc 10 done with traj 647
proc 6 done with traj 396
proc 12 done with traj 773
proc 7 done with traj 458
proc 4 done with traj 270
proc 2 done with traj 143
proc 14 done with traj 900
proc 9 done with traj 585
proc 8 done with traj 522
proc 11 done with traj 711
proc 13 done with traj 836
proc 5 done with traj 334
proc 3 done with traj 207
proc 15 done with traj 963
proc 0 done with traj 19
proc 7 done with traj 459
proc 12 done with traj 774
proc 6 done with traj 397
proc 1 done with traj 80
proc 4 done with traj 271
proc 10 done with traj 648
proc 8 done with traj 523
proc 9 done with traj 586
proc 2 done with traj 144
proc 14 done with traj 901
proc 11 done with traj 712
proc 13 done with traj 837
proc 12 done with traj 775
proc 3 done with traj 208
proc 5 done with traj 335
proc 7 done with traj 460
proc 0 done with traj 20
proc 1 done with traj 81
proc 15 done with traj 964
proc 4 done with traj 272
proc 6 done with traj 398
proc 10 done with traj 649
proc 8 done with traj 524
proc 9 done with traj 587
proc 14 done with traj 902
proc 2 done with traj 145
proc 12 done with traj 776
proc 13 done with traj 838
proc 11 done with traj 713
proc 7 done with traj 461
proc 3 done with traj 209
proc 5 done with traj 336
proc 1 done with traj 82
proc 10 done with traj 650
proc 6 done with traj 399
proc 15 done with traj 965
proc 4 done with traj 273
proc 0 done with traj 21
proc 9 done with traj 588
proc 2 done with traj 146
proc 14 done with traj 903
proc 8 done with traj 525
proc 13 done with traj 839
proc 11 done with traj 714
proc 5 done with traj 337
proc 12 done with traj 777
proc 7 done with traj 462
proc 10 done with traj 651
proc 1 done with traj 83
proc 3 done with traj 210
proc 0 done with traj 22
proc 9 done with traj 589
proc 15 done with traj 966
proc 4 done with traj 274
proc 14 done with traj 904
proc 2 done with traj 147
proc 6 done with traj 400
proc 8 done with traj 526
proc 13 done with traj 840
proc 5 done with traj 338
proc 11 done with traj 715
proc 12 done with traj 778
proc 1 done with traj 84
proc 7 done with traj 463
proc 9 done with traj 590
proc 10 done with traj 652
proc 0 done with traj 23
proc 3 done with traj 211
proc 15 done with traj 967
proc 4 done with traj 275
proc 2 done with traj 148
proc 12 done with traj 779
proc 6 done with traj 401
proc 14 done with traj 905
proc 8 done with traj 527
proc 5 done with traj 339
proc 11 done with traj 716
proc 13 done with traj 841
proc 7 done with traj 464
proc 1 done with traj 85
proc 15 done with traj 968
proc 3 done with traj 212
proc 9 done with traj 591
proc 0 done with traj 24
proc 12 done with traj 780
proc 4 done with traj 276
proc 10 done with traj 653
proc 6 done with traj 402
proc 2 done with traj 149
proc 8 done with traj 528
proc 5 done with traj 340
proc 11 done with traj 717
proc 7 done with traj 465
proc 14 done with traj 906
proc 13 done with traj 842
proc 0 done with traj 25
proc 1 done with traj 86
proc 3 done with traj 213
proc 15 done with traj 969
proc 12 done with traj 781
proc 9 done with traj 592
proc 10 done with traj 654
proc 4 done with traj 277
proc 2 done with traj 150
proc 6 done with traj 403
proc 5 done with traj 341
proc 8 done with traj 529
proc 7 done with traj 466
proc 0 done with traj 26
proc 14 done with traj 907
proc 13 done with traj 843
proc 3 done with traj 214
proc 11 done with traj 718
proc 1 done with traj 87
proc 9 done with traj 593
proc 12 done with traj 782
proc 10 done with traj 655
proc 15 done with traj 970
proc 2 done with traj 151
proc 4 done with traj 278
proc 5 done with traj 342
proc 6 done with traj 404
proc 13 done with traj 844
proc 0 done with traj 27
proc 3 done with traj 215
proc 7 done with traj 467
proc 8 done with traj 530
proc 11 done with traj 719
proc 12 done with traj 783
proc 10 done with traj 656
proc 1 done with traj 88
proc 14 done with traj 908
proc 9 done with traj 594
proc 5 done with traj 343
proc 6 done with traj 405
proc 2 done with traj 152
proc 15 done with traj 971
proc 13 done with traj 845
proc 4 done with traj 279
proc 11 done with traj 720
proc 3 done with traj 216
proc 7 done with traj 468
proc 0 done with traj 28
proc 8 done with traj 531
proc 12 done with traj 784
proc 1 done with traj 89
proc 10 done with traj 657
proc 14 done with traj 909
proc 5 done with traj 344
proc 9 done with traj 595
proc 6 done with traj 406
proc 13 done with traj 846
proc 15 done with traj 972
proc 4 done with traj 280
proc 2 done with traj 153
proc 7 done with traj 469
proc 8 done with traj 532
proc 3 done with traj 217
proc 0 done with traj 29
proc 12 done with traj 785
proc 14 done with traj 910
proc 11 done with traj 721
proc 1 done with traj 90
proc 10 done with traj 658
proc 5 done with traj 345
proc 6 done with traj 407
proc 2 done with traj 154
proc 9 done with traj 596
proc 4 done with traj 281
proc 13 done with traj 847
proc 15 done with traj 973
proc 8 done with traj 533
proc 0 done with traj 30
proc 7 done with traj 470
proc 1 done with traj 91
proc 11 done with traj 722
proc 14 done with traj 911
proc 3 done with traj 218
proc 10 done with traj 659
proc 12 done with traj 786
proc 6 done with traj 408
proc 4 done with traj 282
proc 5 done with traj 346
proc 13 done with traj 848
proc 15 done with traj 974
proc 2 done with traj 155
proc 8 done with traj 534
proc 9 done with traj 597
proc 11 done with traj 723
proc 1 done with traj 92
proc 0 done with traj 31
proc 14 done with traj 912
proc 7 done with traj 471
proc 12 done with traj 787
proc 13 done with traj 849
proc 4 done with traj 283
proc 3 done with traj 219
proc 5 done with traj 347
proc 10 done with traj 660
proc 6 done with traj 409
proc 15 done with traj 975
proc 2 done with traj 156
proc 8 done with traj 535
proc 1 done with traj 93
proc 9 done with traj 598
proc 5 done with traj 348
proc 14 done with traj 913
proc 11 done with traj 724
proc 0 done with traj 32
proc 4 done with traj 284
proc 12 done with traj 788
proc 7 done with traj 472
proc 3 done with traj 220
proc 15 done with traj 976
proc 10 done with traj 661
proc 13 done with traj 850
proc 6 done with traj 410
proc 2 done with traj 157
proc 9 done with traj 599
proc 1 done with traj 94
proc 8 done with traj 536
proc 14 done with traj 914
proc 0 done with traj 33
proc 5 done with traj 349
proc 11 done with traj 725
proc 13 done with traj 851
proc 12 done with traj 789
proc 7 done with traj 473
proc 10 done with traj 662
proc 4 done with traj 285
proc 2 done with traj 158
proc 3 done with traj 221
proc 6 done with traj 411
proc 15 done with traj 977
proc 9 done with traj 600
proc 8 done with traj 537
proc 1 done with traj 95
proc 14 done with traj 915
proc 5 done with traj 350
proc 0 done with traj 34
proc 12 done with traj 790
proc 13 done with traj 852
proc 11 done with traj 726
proc 4 done with traj 286
proc 7 done with traj 474
proc 10 done with traj 663
proc 6 done with traj 412
proc 2 done with traj 159
proc 15 done with traj 978
proc 3 done with traj 222
proc 8 done with traj 538
proc 1 done with traj 96
proc 5 done with traj 351
proc 9 done with traj 601
proc 12 done with traj 791
proc 14 done with traj 916
proc 0 done with traj 35
proc 11 done with traj 727
proc 4 done with traj 287
proc 6 done with traj 413
proc 7 done with traj 475
proc 13 done with traj 853
proc 10 done with traj 664
proc 15 done with traj 979
proc 2 done with traj 160
proc 8 done with traj 539
proc 3 done with traj 223
proc 1 done with traj 97
proc 5 done with traj 352
proc 9 done with traj 602
proc 0 done with traj 36
proc 6 done with traj 414
proc 14 done with traj 917
proc 12 done with traj 792
proc 10 done with traj 665
proc 13 done with traj 854
proc 11 done with traj 728
proc 4 done with traj 288
proc 2 done with traj 161
proc 3 done with traj 224
proc 15 done with traj 980
proc 7 done with traj 476
proc 8 done with traj 540
proc 1 done with traj 98
proc 5 done with traj 353
proc 9 done with traj 603
proc 6 done with traj 415
proc 0 done with traj 37
proc 10 done with traj 666
proc 14 done with traj 918
proc 12 done with traj 793
proc 13 done with traj 855
proc 4 done with traj 289
proc 11 done with traj 729
proc 3 done with traj 225
proc 15 done with traj 981
proc 2 done with traj 162
proc 7 done with traj 477
proc 8 done with traj 541
proc 1 done with traj 99
proc 10 done with traj 667
proc 9 done with traj 604
proc 12 done with traj 794
proc 14 done with traj 919
proc 0 done with traj 38
proc 4 done with traj 290
proc 5 done with traj 354
proc 13 done with traj 856
proc 3 done with traj 226
proc 6 done with traj 416
proc 11 done with traj 730
proc 15 done with traj 982
proc 7 done with traj 478
proc 10 done with traj 668
proc 8 done with traj 542
proc 2 done with traj 163
proc 1 done with traj 100
proc 12 done with traj 795
proc 5 done with traj 355
proc 14 done with traj 920
proc 4 done with traj 291
proc 0 done with traj 39
proc 13 done with traj 857
proc 9 done with traj 605
proc 6 done with traj 417
proc 3 done with traj 227
proc 15 done with traj 983
proc 11 done with traj 731
proc 10 done with traj 669
proc 7 done with traj 479
proc 2 done with traj 164
proc 8 done with traj 543
proc 12 done with traj 796
proc 4 done with traj 292
proc 5 done with traj 356
proc 14 done with traj 921
proc 3 done with traj 228
proc 0 done with traj 40
proc 1 done with traj 101
proc 9 done with traj 606
proc 13 done with traj 858
proc 6 done with traj 418
proc 11 done with traj 732
proc 15 done with traj 984
proc 8 done with traj 544
proc 10 done with traj 670
proc 2 done with traj 165
proc 7 done with traj 480
proc 3 done with traj 229
proc 5 done with traj 357
proc 12 done with traj 797
proc 4 done with traj 293
proc 14 done with traj 922
proc 9 done with traj 607
proc 0 done with traj 41
proc 1 done with traj 102
proc 15 done with traj 985
proc 8 done with traj 545
proc 13 done with traj 859
proc 6 done with traj 419
proc 11 done with traj 733
proc 7 done with traj 481
proc 10 done with traj 671
proc 2 done with traj 166
proc 3 done with traj 230
proc 5 done with traj 358
proc 12 done with traj 798
proc 9 done with traj 608
proc 4 done with traj 294
proc 14 done with traj 923
proc 1 done with traj 103
proc 11 done with traj 734
proc 15 done with traj 986
proc 10 done with traj 672
proc 0 done with traj 42
proc 2 done with traj 167
proc 8 done with traj 546
proc 7 done with traj 482
proc 3 done with traj 231
proc 13 done with traj 860
proc 6 done with traj 420
proc 5 done with traj 359
proc 12 done with traj 799
proc 4 done with traj 295
proc 9 done with traj 609
proc 1 done with traj 104
proc 11 done with traj 735
proc 14 done with traj 924
proc 8 done with traj 547
proc 3 done with traj 232
proc 13 done with traj 861
proc 15 done with traj 987
proc 2 done with traj 168
proc 7 done with traj 483
proc 0 done with traj 43
proc 10 done with traj 673
proc 5 done with traj 360
proc 6 done with traj 421
proc 4 done with traj 296
proc 9 done with traj 610
proc 12 done with traj 800
proc 1 done with traj 105
proc 14 done with traj 925
proc 11 done with traj 736
proc 3 done with traj 233
proc 10 done with traj 674
proc 15 done with traj 988
proc 13 done with traj 862
proc 7 done with traj 484
proc 2 done with traj 169
proc 0 done with traj 44
proc 8 done with traj 548
proc 5 done with traj 361
proc 12 done with traj 801
proc 9 done with traj 611
proc 6 done with traj 422
proc 14 done with traj 926
proc 1 done with traj 106
proc 4 done with traj 297
proc 11 done with traj 737
proc 3 done with traj 234
proc 15 done with traj 989
proc 10 done with traj 675
proc 2 done with traj 170
proc 13 done with traj 863
proc 7 done with traj 485
proc 0 done with traj 45
proc 6 done with traj 423
proc 8 done with traj 549
proc 4 done with traj 298
proc 9 done with traj 612
proc 5 done with traj 362
proc 12 done with traj 802
proc 14 done with traj 927
proc 1 done with traj 107
proc 11 done with traj 738
proc 3 done with traj 235
proc 15 done with traj 990
proc 13 done with traj 864
proc 10 done with traj 676
proc 2 done with traj 171
proc 4 done with traj 299
proc 12 done with traj 803
proc 8 done with traj 550
proc 0 done with traj 46
proc 9 done with traj 613
proc 6 done with traj 424
proc 5 done with traj 363
proc 7 done with traj 486
proc 11 done with traj 739
proc 14 done with traj 928
proc 1 done with traj 108
proc 13 done with traj 865
proc 3 done with traj 236
proc 15 done with traj 991
proc 2 done with traj 172
proc 10 done with traj 677
proc 8 done with traj 551
proc 4 done with traj 300
proc 0 done with traj 47
proc 9 done with traj 614
proc 12 done with traj 804
proc 5 done with traj 364
proc 7 done with traj 487
proc 6 done with traj 425
proc 11 done with traj 740
proc 1 done with traj 109
proc 13 done with traj 866
proc 3 done with traj 237
proc 14 done with traj 929
proc 2 done with traj 173
proc 15 done with traj 992
proc 8 done with traj 552
proc 12 done with traj 805
proc 4 done with traj 301
proc 10 done with traj 678
proc 11 done with traj 741
proc 9 done with traj 615
proc 5 done with traj 365
proc 7 done with traj 488
proc 0 done with traj 48
proc 13 done with traj 867
proc 6 done with traj 426
proc 3 done with traj 238
proc 14 done with traj 930
proc 1 done with traj 110
proc 2 done with traj 174
proc 15 done with traj 993
proc 8 done with traj 553
proc 12 done with traj 806
proc 4 done with traj 302
proc 11 done with traj 742
proc 10 done with traj 679
proc 6 done with traj 427
proc 5 done with traj 366
proc 13 done with traj 868
proc 9 done with traj 616
proc 14 done with traj 931
proc 0 done with traj 49
proc 1 done with traj 111
proc 7 done with traj 489
proc 15 done with traj 994
proc 12 done with traj 807
proc 3 done with traj 239
proc 8 done with traj 554
proc 2 done with traj 175
proc 5 done with traj 367
proc 4 done with traj 303
proc 13 done with traj 869
proc 10 done with traj 680
proc 11 done with traj 743
proc 6 done with traj 428
proc 0 done with traj 50
proc 7 done with traj 490
proc 9 done with traj 617
proc 1 done with traj 112
proc 14 done with traj 932
proc 15 done with traj 995
proc 3 done with traj 240
proc 12 done with traj 808
proc 2 done with traj 176
proc 8 done with traj 555
proc 5 done with traj 368
proc 4 done with traj 304
proc 13 done with traj 870
proc 10 done with traj 681
proc 6 done with traj 429
proc 11 done with traj 744
proc 9 done with traj 618
proc 15 done with traj 996
proc 0 done with traj 51
proc 7 done with traj 491
proc 14 done with traj 933
proc 12 done with traj 809
proc 1 done with traj 113
proc 3 done with traj 241
proc 2 done with traj 177
proc 5 done with traj 369
proc 8 done with traj 556
proc 11 done with traj 745
proc 4 done with traj 305
proc 10 done with traj 682
proc 13 done with traj 871
proc 6 done with traj 430
proc 12 done with traj 810
proc 1 done with traj 114
proc 15 done with traj 997
proc 7 done with traj 492
proc 9 done with traj 619
proc 0 done with traj 52
proc 14 done with traj 934
proc 3 done with traj 242
proc 5 done with traj 370
proc 2 done with traj 178
proc 4 done with traj 306
proc 8 done with traj 557
proc 10 done with traj 683
proc 6 done with traj 431
proc 11 done with traj 746
proc 13 done with traj 872
proc 12 done with traj 811
proc 0 done with traj 53
proc 15 done with traj 998
proc 7 done with traj 493
proc 3 done with traj 243
proc 1 done with traj 115
proc 9 done with traj 620
proc 14 done with traj 935
proc 5 done with traj 371
proc 2 done with traj 179
proc 6 done with traj 432
proc 7 done with traj 494
proc 8 done with traj 558
proc 10 done with traj 684
proc 12 done with traj 812
proc 4 done with traj 307
proc 9 done with traj 621
proc 15 done with traj 999
proc 13 done with traj 873
proc 1 done with traj 116
proc 11 done with traj 747
proc 0 done with traj 54
proc 14 done with traj 936
proc 3 done with traj 244
proc 5 done with traj 372
proc 6 done with traj 433
proc 10 done with traj 685
proc 12 done with traj 813
proc 0 done with traj 55
proc 8 done with traj 559
proc 1 done with traj 117
proc 9 done with traj 622
proc 2 done with traj 180
proc 7 done with traj 495
proc 14 done with traj 937
proc 13 done with traj 874
proc 4 done with traj 308
proc 11 done with traj 748
proc 3 done with traj 245
proc 5 done with traj 373
proc 0 done with traj 56
proc 10 done with traj 686
proc 6 done with traj 434
proc 1 done with traj 118
proc 2 done with traj 181
proc 13 done with traj 875
proc 14 done with traj 938
proc 12 done with traj 814
proc 8 done with traj 560
proc 7 done with traj 496
proc 4 done with traj 309
proc 9 done with traj 623
proc 11 done with traj 749
proc 3 done with traj 246
proc 5 done with traj 374
proc 6 done with traj 435
proc 10 done with traj 687
proc 1 done with traj 119
proc 0 done with traj 57
proc 12 done with traj 815
proc 13 done with traj 876
proc 4 done with traj 310
proc 14 done with traj 939
proc 9 done with traj 624
proc 8 done with traj 561
proc 2 done with traj 182
proc 7 done with traj 497
proc 3 done with traj 247
proc 11 done with traj 750
proc 5 done with traj 375
proc 10 done with traj 688
proc 1 done with traj 120
proc 0 done with traj 58
proc 12 done with traj 816
proc 9 done with traj 625
proc 6 done with traj 436
proc 8 done with traj 562
proc 4 done with traj 311
proc 14 done with traj 940
proc 13 done with traj 877
proc 2 done with traj 183
proc 7 done with traj 498
proc 3 done with traj 248
proc 11 done with traj 751
proc 5 done with traj 376
proc 10 done with traj 689
proc 1 done with traj 121
proc 0 done with traj 59
proc 8 done with traj 563
proc 6 done with traj 437
proc 14 done with traj 941
proc 12 done with traj 817
proc 9 done with traj 626
proc 4 done with traj 312
proc 2 done with traj 184
proc 13 done with traj 878
proc 7 done with traj 499
proc 11 done with traj 752
proc 5 done with traj 377
proc 14 done with traj 942
proc 1 done with traj 122
proc 0 done with traj 60
proc 3 done with traj 249
proc 10 done with traj 690
proc 12 done with traj 818
proc 8 done with traj 564
proc 9 done with traj 627
proc 13 done with traj 879
proc 4 done with traj 313
proc 6 done with traj 438
proc 2 done with traj 185
proc 11 done with traj 753
proc 14 done with traj 943
proc 7 done with traj 500
proc 1 done with traj 123
proc 10 done with traj 691
proc 0 done with traj 61
proc 3 done with traj 250
proc 8 done with traj 565
proc 9 done with traj 628
proc 13 done with traj 880
proc 4 done with traj 314
proc 6 done with traj 439
proc 2 done with traj 186
proc 11 done with traj 754
proc 14 done with traj 944
proc 7 done with traj 501
proc 3 done with traj 251
proc 0 done with traj 62
proc 10 done with traj 692
proc 1 done with traj 124
proc 9 done with traj 629
proc 13 done with traj 881
proc 8 done with traj 566
proc 2 done with traj 187
proc 6 done with traj 440
proc 7 done with traj 502
proc 11 done with traj 755
proc 1 done with traj 125
proc 2 done with traj 188
proc 7 done with traj 503
